[12-Jun-2024 13:31:10 UTC] User data: Array
(
    [user_login] => 
    [user_email] => 
    [user_pass] => OEIf)Eohb6F(
    [first_name] => 
    [last_name] => 
)

[12-Jun-2024 13:31:10 UTC] User ID: WP_Error Object
(
    [errors] => Array
        (
            [empty_user_login] => Array
                (
                    [0] => Cannot create a user with an empty login name.
                )

        )

    [error_data] => Array
        (
        )

    [additional_data:protected] => Array
        (
        )

)

[12-Jun-2024 13:31:10 UTC] PHP Warning:  Attempt to read property "user_login" on bool in /var/www/html/wordpress/wp-includes/pluggable.php on line 2160
[12-Jun-2024 13:31:10 UTC] PHP Warning:  Attempt to read property "user_email" on bool in /var/www/html/wordpress/wp-includes/pluggable.php on line 2162
[12-Jun-2024 13:33:36 UTC] Form fields: Array
(
    [3] => Array
        (
            [name] => Firstname
            [value] => Micah
            [id] => 3
            [type] => text
        )

    [4] => Array
        (
            [name] => Middle name
            [value] => Uma Mclean
            [id] => 4
            [type] => text
        )

    [14] => Array
        (
            [name] => Last name
            [value] => Bruce
            [id] => 14
            [type] => text
        )

    [18] => Array
        (
            [name] => Date of Birth
            [value] => 01-Dec-2004
            [id] => 18
            [type] => text
        )

    [21] => Array
        (
            [name] => Period At Smack From
            [value] => Aut ut voluptatem a
            [id] => 21
            [type] => text
        )

    [22] => Array
        (
            [name] => Period At Smack To
            [value] => Cillum et mollitia p
            [id] => 22
            [type] => text
        )

    [5] => Array
        (
            [name] => Telephone
            [value] => +1 (575) 409-3036
            [id] => 5
            [type] => text
        )

    [15] => Array
        (
            [name] => Marital status
            [value] => Widowed
            [value_raw] => Widowed
            [id] => 15
            [type] => select
        )

    [16] => Array
        (
            [name] => House of residence
            [value] => Choice 3
            [value_raw] => Choice 3
            [id] => 16
            [type] => select
        )

    [17] => Array
        (
            [name] => Profession
            [value] => Business
            [value_raw] => Business
            [id] => 17
            [type] => select
        )

    [11] => Array
        (
            [name] => Expectations of SMACKOBA
            [value] => Aut consequatur Ver
            [id] => 11
            [type] => textarea
        )

    [12] => Array
        (
            [name] => Your Message
            [value] => Error ullamco nisi d
            [id] => 12
            [type] => textarea
        )

    [2] => Array
        (
            [name] => Email
            [value] => dofagaz@mailinator.com
            [id] => 2
            [type] => email
        )

    [13] => Array
        (
            [name] => Notifications
            [value] => Parent at SMACK ?
Recieve communication ?
            [value_raw] => Parent at SMACK ?
Recieve communication ?
            [id] => 13
            [type] => checkbox
        )

)

[12-Jun-2024 13:33:36 UTC] User data: Array
(
    [user_login] => 
    [user_email] => 
    [user_pass] => h4D6g5Knqr)R
    [first_name] => 
    [last_name] => 
)

[12-Jun-2024 13:33:36 UTC] User ID: WP_Error Object
(
    [errors] => Array
        (
            [empty_user_login] => Array
                (
                    [0] => Cannot create a user with an empty login name.
                )

        )

    [error_data] => Array
        (
        )

    [additional_data:protected] => Array
        (
        )

)

[12-Jun-2024 13:33:36 UTC] PHP Warning:  Attempt to read property "user_login" on bool in /var/www/html/wordpress/wp-includes/pluggable.php on line 2160
[12-Jun-2024 13:33:36 UTC] PHP Warning:  Attempt to read property "user_email" on bool in /var/www/html/wordpress/wp-includes/pluggable.php on line 2162
[12-Jun-2024 13:37:13 UTC] User data: Array
(
    [user_login] => rikuqeb@mailinator.com
    [user_email] => rikuqeb@mailinator.com
    [user_pass] => D(Nr*Ldat3k(
    [first_name] => Mari
    [last_name] => Boyd
)

[12-Jun-2024 13:37:20 UTC] User ID: 4
[12-Jun-2024 13:38:23 UTC] User data: Array
(
    [user_login] => humphreyok93@gmail.com
    [user_email] => humphreyok93@gmail.com
    [user_pass] => vwx5pWl3p6#Q
    [first_name] => Susan
    [last_name] => Santiago
)

[12-Jun-2024 13:38:25 UTC] User ID: 5
[12-Jun-2024 13:40:52 UTC] PHP Fatal error:  Uncaught Error: Call to undefined method WPForms_Process::add_error_log() in /var/www/html/wordpress/wp-content/themes/astra-child/functions.php:199
Stack trace:
#0 /var/www/html/wordpress/wp-includes/class-wp-hook.php(324): custom_wpforms_user_registration_complete()
#1 /var/www/html/wordpress/wp-includes/class-wp-hook.php(348): WP_Hook->apply_filters()
#2 /var/www/html/wordpress/wp-includes/plugin.php(517): WP_Hook->do_action()
#3 /var/www/html/wordpress/wp-content/plugins/wpforms-lite/includes/class-process.php(726): do_action()
#4 /var/www/html/wordpress/wp-content/plugins/wpforms-lite/includes/class-process.php(588): WPForms_Process->process_complete()
#5 /var/www/html/wordpress/wp-content/plugins/wpforms-lite/includes/class-process.php(137): WPForms_Process->process()
#6 /var/www/html/wordpress/wp-content/plugins/wpforms-lite/includes/class-process.php(1593): WPForms_Process->listen()
#7 /var/www/html/wordpress/wp-includes/class-wp-hook.php(324): WPForms_Process->ajax_submit()
#8 /var/www/html/wordpress/wp-includes/class-wp-hook.php(348): WP_Hook->apply_filters()
#9 /var/www/html/wordpress/wp-includes/plugin.php(517): WP_Hook->do_action()
#10 /var/www/html/wordpress/wp-admin/admin-ajax.php(192): do_action()
#11 {main}
  thrown in /var/www/html/wordpress/wp-content/themes/astra-child/functions.php on line 199
[12-Jun-2024 13:41:38 UTC] PHP Fatal error:  Uncaught Error: Call to undefined method WPForms_Process::add_error_log() in /var/www/html/wordpress/wp-content/themes/astra-child/functions.php:199
Stack trace:
#0 /var/www/html/wordpress/wp-includes/class-wp-hook.php(324): custom_wpforms_user_registration_complete()
#1 /var/www/html/wordpress/wp-includes/class-wp-hook.php(348): WP_Hook->apply_filters()
#2 /var/www/html/wordpress/wp-includes/plugin.php(517): WP_Hook->do_action()
#3 /var/www/html/wordpress/wp-content/plugins/wpforms-lite/includes/class-process.php(726): do_action()
#4 /var/www/html/wordpress/wp-content/plugins/wpforms-lite/includes/class-process.php(588): WPForms_Process->process_complete()
#5 /var/www/html/wordpress/wp-content/plugins/wpforms-lite/includes/class-process.php(137): WPForms_Process->process()
#6 /var/www/html/wordpress/wp-content/plugins/wpforms-lite/includes/class-process.php(1593): WPForms_Process->listen()
#7 /var/www/html/wordpress/wp-includes/class-wp-hook.php(324): WPForms_Process->ajax_submit()
#8 /var/www/html/wordpress/wp-includes/class-wp-hook.php(348): WP_Hook->apply_filters()
#9 /var/www/html/wordpress/wp-includes/plugin.php(517): WP_Hook->do_action()
#10 /var/www/html/wordpress/wp-admin/admin-ajax.php(192): do_action()
#11 {main}
  thrown in /var/www/html/wordpress/wp-content/themes/astra-child/functions.php on line 199
[12-Jun-2024 13:41:53 UTC] User data: Array
(
    [user_login] => humphreyok91@gmail.com
    [user_email] => humphreyok91@gmail.com
    [user_pass] => XyBBU7a!l*RJ
    [first_name] => Imelda
    [last_name] => Garza
)

[12-Jun-2024 13:41:55 UTC] User ID: 6
[13-Jun-2024 02:20:02 UTC] User data: Array
(
    [user_login] => amenyorene@gmail.com
    [user_email] => amenyorene@gmail.com
    [user_pass] => ^S7z$rXpNvJ&
    [first_name] => Maryam
    [last_name] => Castillo
)

[13-Jun-2024 02:20:06 UTC] User ID: 7
